<?xml version="1.0" encoding="UTF-8"?>
<!-- Generated by org.testng.reporters.JUnitReportReporter -->
<testsuite ignored="0" hostname="Anibals-MacBook-Pro.local" failures="0" tests="1" name="test.TestNGEj" time="0.023" errors="0" timestamp="08 Nov 2020 20:28:43 GMT" skipped="0">
  <testcase classname="test.TestNGEj" name="f" time="0.023"/>
</testsuite> <!-- test.TestNGEj -->
